<?xml version="1.0" encoding="UTF-8"?>
<testng-results ignored="0" total="1" passed="1" failed="0" skipped="0">
  <reporter-output>
  </reporter-output>
  <suite started-at="2026-01-13T22:22:12 CST" name="Surefire suite" finished-at="2026-01-13T22:22:16 CST" duration-ms="3963">
    <groups>
    </groups>
    <test started-at="2026-01-13T22:22:12 CST" name="Surefire test" finished-at="2026-01-13T22:22:16 CST" duration-ms="3963">
      <class name="tests.LoginTest">
        <test-method is-config="true" signature="setUp()[pri:0, instance:tests.LoginTest@77e9807f]" started-at="2026-01-13T22:22:12 CST" name="setUp" finished-at="2026-01-13T22:22:15 CST" duration-ms="3114" status="PASS">
          <reporter-output>
          </reporter-output>
        </test-method> <!-- setUp -->
        <test-method signature="testValidLogin()[pri:0, instance:tests.LoginTest@77e9807f]" started-at="2026-01-13T22:22:15 CST" name="testValidLogin" finished-at="2026-01-13T22:22:16 CST" duration-ms="773" status="PASS">
          <reporter-output>
          </reporter-output>
        </test-method> <!-- testValidLogin -->
        <test-method is-config="true" signature="tearDown()[pri:0, instance:tests.LoginTest@77e9807f]" started-at="2026-01-13T22:22:16 CST" name="tearDown" finished-at="2026-01-13T22:22:16 CST" duration-ms="1" status="PASS">
          <reporter-output>
          </reporter-output>
        </test-method> <!-- tearDown -->
      </class> <!-- tests.LoginTest -->
    </test> <!-- Surefire test -->
  </suite> <!-- Surefire suite -->
</testng-results>
